{"/Users/huihui/Documents/Tarot/src/components/SettingsModal.ts": {"path":"/Users/huihui/Documents/Tarot/src/components/SettingsModal.ts","statementMap":{"0":{"start":{"line":1,"column":20},"end":{"line":1,"column":null}},"1":{"start":{"line":2,"column":17},"end":{"line":2,"column":null}},"2":{"start":{"line":3,"column":25},"end":{"line":3,"column":null}},"3":{"start":{"line":10,"column":36},"end":{"line":10,"column":null}},"4":{"start":{"line":13,"column":4},"end":{"line":13,"column":null}},"5":{"start":{"line":14,"column":4},"end":{"line":14,"column":null}},"6":{"start":{"line":15,"column":4},"end":{"line":15,"column":null}},"7":{"start":{"line":16,"column":4},"end":{"line":16,"column":null}},"8":{"start":{"line":17,"column":4},"end":{"line":17,"column":null}},"9":{"start":{"line":21,"column":4},"end":{"line":21,"column":null}},"10":{"start":{"line":70,"column":21},"end":{"line":70,"column":null}},"11":{"start":{"line":71,"column":20},"end":{"line":71,"column":null}},"12":{"start":{"line":72,"column":18},"end":{"line":72,"column":null}},"13":{"start":{"line":73,"column":24},"end":{"line":73,"column":null}},"14":{"start":{"line":74,"column":29},"end":{"line":74,"column":null}},"15":{"start":{"line":75,"column":21},"end":{"line":75,"column":null}},"16":{"start":{"line":77,"column":4},"end":{"line":84,"column":null}},"17":{"start":{"line":78,"column":6},"end":{"line":83,"column":null}},"18":{"start":{"line":79,"column":21},"end":{"line":79,"column":null}},"19":{"start":{"line":80,"column":8},"end":{"line":82,"column":null}},"20":{"start":{"line":81,"column":10},"end":{"line":81,"column":null}},"21":{"start":{"line":86,"column":4},"end":{"line":93,"column":null}},"22":{"start":{"line":87,"column":6},"end":{"line":92,"column":null}},"23":{"start":{"line":88,"column":8},"end":{"line":88,"column":null}},"24":{"start":{"line":89,"column":8},"end":{"line":89,"column":null}},"25":{"start":{"line":91,"column":8},"end":{"line":91,"column":null}},"26":{"start":{"line":95,"column":4},"end":{"line":95,"column":null}},"27":{"start":{"line":95,"column":45},"end":{"line":95,"column":56}},"28":{"start":{"line":97,"column":4},"end":{"line":116,"column":null}},"29":{"start":{"line":98,"column":6},"end":{"line":98,"column":null}},"30":{"start":{"line":99,"column":18},"end":{"line":99,"column":null}},"31":{"start":{"line":100,"column":6},"end":{"line":104,"column":null}},"32":{"start":{"line":101,"column":8},"end":{"line":101,"column":null}},"33":{"start":{"line":103,"column":8},"end":{"line":103,"column":null}},"34":{"start":{"line":106,"column":24},"end":{"line":106,"column":null}},"35":{"start":{"line":107,"column":6},"end":{"line":109,"column":null}},"36":{"start":{"line":108,"column":8},"end":{"line":108,"column":null}},"37":{"start":{"line":110,"column":6},"end":{"line":110,"column":null}},"38":{"start":{"line":112,"column":6},"end":{"line":114,"column":null}},"39":{"start":{"line":113,"column":8},"end":{"line":113,"column":null}},"40":{"start":{"line":115,"column":6},"end":{"line":115,"column":null}},"41":{"start":{"line":118,"column":4},"end":{"line":122,"column":null}},"42":{"start":{"line":119,"column":6},"end":{"line":121,"column":null}},"43":{"start":{"line":120,"column":8},"end":{"line":120,"column":null}},"44":{"start":{"line":126,"column":4},"end":{"line":126,"column":null}},"45":{"start":{"line":127,"column":21},"end":{"line":127,"column":null}},"46":{"start":{"line":128,"column":20},"end":{"line":128,"column":null}},"47":{"start":{"line":129,"column":28},"end":{"line":129,"column":null}},"48":{"start":{"line":130,"column":18},"end":{"line":130,"column":null}},"49":{"start":{"line":132,"column":4},"end":{"line":138,"column":null}},"50":{"start":{"line":133,"column":6},"end":{"line":137,"column":null}},"51":{"start":{"line":134,"column":8},"end":{"line":134,"column":null}},"52":{"start":{"line":136,"column":8},"end":{"line":136,"column":null}},"53":{"start":{"line":140,"column":4},"end":{"line":147,"column":null}},"54":{"start":{"line":141,"column":6},"end":{"line":141,"column":null}},"55":{"start":{"line":142,"column":6},"end":{"line":142,"column":null}},"56":{"start":{"line":144,"column":6},"end":{"line":144,"column":null}},"57":{"start":{"line":145,"column":6},"end":{"line":145,"column":null}},"58":{"start":{"line":146,"column":6},"end":{"line":146,"column":null}},"59":{"start":{"line":146,"column":23},"end":{"line":146,"column":39}},"60":{"start":{"line":151,"column":4},"end":{"line":153,"column":null}},"61":{"start":{"line":152,"column":6},"end":{"line":152,"column":null}},"62":{"start":{"line":154,"column":22},"end":{"line":154,"column":null}},"63":{"start":{"line":155,"column":18},"end":{"line":155,"column":null}},"64":{"start":{"line":156,"column":4},"end":{"line":156,"column":null}},"65":{"start":{"line":158,"column":23},"end":{"line":158,"column":null}},"66":{"start":{"line":159,"column":24},"end":{"line":159,"column":null}},"67":{"start":{"line":160,"column":29},"end":{"line":160,"column":null}},"68":{"start":{"line":162,"column":4},"end":{"line":173,"column":null}},"69":{"start":{"line":163,"column":27},"end":{"line":163,"column":null}},"70":{"start":{"line":163,"column":72},"end":{"line":163,"column":81}},"71":{"start":{"line":164,"column":6},"end":{"line":172,"column":null}},"72":{"start":{"line":165,"column":8},"end":{"line":165,"column":null}},"73":{"start":{"line":166,"column":8},"end":{"line":166,"column":null}},"74":{"start":{"line":167,"column":8},"end":{"line":167,"column":null}},"75":{"start":{"line":169,"column":8},"end":{"line":169,"column":null}},"76":{"start":{"line":170,"column":8},"end":{"line":170,"column":null}},"77":{"start":{"line":171,"column":8},"end":{"line":171,"column":null}},"78":{"start":{"line":175,"column":4},"end":{"line":175,"column":null}},"79":{"start":{"line":176,"column":4},"end":{"line":176,"column":null}},"80":{"start":{"line":180,"column":4},"end":{"line":180,"column":null}},"81":{"start":{"line":184,"column":17},"end":{"line":184,"column":null}},"82":{"start":{"line":185,"column":4},"end":{"line":187,"column":null}},"83":{"start":{"line":186,"column":6},"end":{"line":186,"column":null}},"84":{"start":{"line":188,"column":4},"end":{"line":188,"column":null}},"85":{"start":{"line":192,"column":4},"end":{"line":192,"column":null}},"86":{"start":{"line":196,"column":4},"end":{"line":196,"column":null}}},"fnMap":{"0":{"name":"constructor","decl":{"start":{"line":12,"column":2},"end":{"line":12,"column":16}},"loc":{"start":{"line":12,"column":16},"end":{"line":18,"column":null}},"line":12},"1":{"name":"render","decl":{"start":{"line":20,"column":2},"end":{"line":20,"column":10}},"loc":{"start":{"line":20,"column":19},"end":{"line":123,"column":null}},"line":20},"2":{"name":"(anonymous_2)","decl":{"start":{"line":77,"column":13},"end":{"line":77,"column":22}},"loc":{"start":{"line":77,"column":30},"end":{"line":84,"column":5}},"line":77},"3":{"name":"(anonymous_3)","decl":{"start":{"line":78,"column":27},"end":{"line":78,"column":42}},"loc":{"start":{"line":78,"column":42},"end":{"line":83,"column":7}},"line":78},"4":{"name":"(anonymous_4)","decl":{"start":{"line":86,"column":33},"end":{"line":86,"column":49}},"loc":{"start":{"line":86,"column":49},"end":{"line":93,"column":5}},"line":86},"5":{"name":"(anonymous_5)","decl":{"start":{"line":95,"column":30},"end":{"line":95,"column":45}},"loc":{"start":{"line":95,"column":45},"end":{"line":95,"column":56}},"line":95},"6":{"name":"(anonymous_6)","decl":{"start":{"line":97,"column":29},"end":{"line":97,"column":44}},"loc":{"start":{"line":97,"column":44},"end":{"line":116,"column":5}},"line":97},"7":{"name":"(anonymous_7)","decl":{"start":{"line":118,"column":36},"end":{"line":118,"column":46}},"loc":{"start":{"line":118,"column":52},"end":{"line":122,"column":5}},"line":118},"8":{"name":"setModeUI","decl":{"start":{"line":125,"column":2},"end":{"line":125,"column":10}},"loc":{"start":{"line":125,"column":38},"end":{"line":148,"column":null}},"line":125},"9":{"name":"(anonymous_9)","decl":{"start":{"line":132,"column":13},"end":{"line":132,"column":22}},"loc":{"start":{"line":132,"column":30},"end":{"line":138,"column":5}},"line":132},"10":{"name":"(anonymous_10)","decl":{"start":{"line":146,"column":6},"end":{"line":146,"column":23}},"loc":{"start":{"line":146,"column":23},"end":{"line":146,"column":39}},"line":146},"11":{"name":"show","decl":{"start":{"line":150,"column":2},"end":{"line":150,"column":9}},"loc":{"start":{"line":150,"column":51},"end":{"line":177,"column":null}},"line":150},"12":{"name":"(anonymous_12)","decl":{"start":{"line":163,"column":59},"end":{"line":163,"column":64}},"loc":{"start":{"line":163,"column":72},"end":{"line":163,"column":81}},"line":163},"13":{"name":"hide","decl":{"start":{"line":179,"column":2},"end":{"line":179,"column":9}},"loc":{"start":{"line":179,"column":16},"end":{"line":181,"column":null}},"line":179},"14":{"name":"getEngineMode","decl":{"start":{"line":183,"column":16},"end":{"line":183,"column":44}},"loc":{"start":{"line":183,"column":44},"end":{"line":189,"column":null}},"line":183},"15":{"name":"getApiKey","decl":{"start":{"line":191,"column":16},"end":{"line":191,"column":43}},"loc":{"start":{"line":191,"column":43},"end":{"line":193,"column":null}},"line":191},"16":{"name":"getCustomModel","decl":{"start":{"line":195,"column":16},"end":{"line":195,"column":41}},"loc":{"start":{"line":195,"column":41},"end":{"line":197,"column":null}},"line":195}},"branchMap":{"0":{"loc":{"start":{"line":80,"column":8},"end":{"line":82,"column":null}},"type":"if","locations":[{"start":{"line":80,"column":8},"end":{"line":82,"column":null}},{"start":{},"end":{}}],"line":80},"1":{"loc":{"start":{"line":87,"column":6},"end":{"line":92,"column":null}},"type":"if","locations":[{"start":{"line":87,"column":6},"end":{"line":92,"column":null}},{"start":{"line":90,"column":13},"end":{"line":92,"column":null}}],"line":87},"2":{"loc":{"start":{"line":100,"column":6},"end":{"line":104,"column":null}},"type":"if","locations":[{"start":{"line":100,"column":6},"end":{"line":104,"column":null}},{"start":{"line":102,"column":13},"end":{"line":104,"column":null}}],"line":100},"3":{"loc":{"start":{"line":107,"column":6},"end":{"line":109,"column":null}},"type":"if","locations":[{"start":{"line":107,"column":6},"end":{"line":109,"column":null}},{"start":{},"end":{}}],"line":107},"4":{"loc":{"start":{"line":108,"column":22},"end":{"line":108,"column":null}},"type":"binary-expr","locations":[{"start":{"line":108,"column":22},"end":{"line":108,"column":55}},{"start":{"line":108,"column":55},"end":{"line":108,"column":null}}],"line":108},"5":{"loc":{"start":{"line":112,"column":6},"end":{"line":114,"column":null}},"type":"if","locations":[{"start":{"line":112,"column":6},"end":{"line":114,"column":null}},{"start":{},"end":{}}],"line":112},"6":{"loc":{"start":{"line":119,"column":6},"end":{"line":121,"column":null}},"type":"if","locations":[{"start":{"line":119,"column":6},"end":{"line":121,"column":null}},{"start":{},"end":{}}],"line":119},"7":{"loc":{"start":{"line":133,"column":6},"end":{"line":137,"column":null}},"type":"if","locations":[{"start":{"line":133,"column":6},"end":{"line":137,"column":null}},{"start":{"line":135,"column":13},"end":{"line":137,"column":null}}],"line":133},"8":{"loc":{"start":{"line":140,"column":4},"end":{"line":147,"column":null}},"type":"if","locations":[{"start":{"line":140,"column":4},"end":{"line":147,"column":null}},{"start":{"line":143,"column":11},"end":{"line":147,"column":null}}],"line":140},"9":{"loc":{"start":{"line":151,"column":4},"end":{"line":153,"column":null}},"type":"if","locations":[{"start":{"line":151,"column":4},"end":{"line":153,"column":null}},{"start":{},"end":{}}],"line":151},"10":{"loc":{"start":{"line":156,"column":18},"end":{"line":156,"column":null}},"type":"binary-expr","locations":[{"start":{"line":156,"column":18},"end":{"line":156,"column":55}},{"start":{"line":156,"column":55},"end":{"line":156,"column":null}}],"line":156},"11":{"loc":{"start":{"line":162,"column":4},"end":{"line":173,"column":null}},"type":"if","locations":[{"start":{"line":162,"column":4},"end":{"line":173,"column":null}},{"start":{},"end":{}}],"line":162},"12":{"loc":{"start":{"line":162,"column":8},"end":{"line":162,"column":41}},"type":"binary-expr","locations":[{"start":{"line":162,"column":8},"end":{"line":162,"column":23}},{"start":{"line":162,"column":23},"end":{"line":162,"column":41}}],"line":162},"13":{"loc":{"start":{"line":164,"column":6},"end":{"line":172,"column":null}},"type":"if","locations":[{"start":{"line":164,"column":6},"end":{"line":172,"column":null}},{"start":{"line":168,"column":13},"end":{"line":172,"column":null}}],"line":164},"14":{"loc":{"start":{"line":164,"column":10},"end":{"line":164,"column":78}},"type":"binary-expr","locations":[{"start":{"line":164,"column":10},"end":{"line":164,"column":47}},{"start":{"line":164,"column":47},"end":{"line":164,"column":78}}],"line":164},"15":{"loc":{"start":{"line":185,"column":4},"end":{"line":187,"column":null}},"type":"if","locations":[{"start":{"line":185,"column":4},"end":{"line":187,"column":null}},{"start":{},"end":{}}],"line":185},"16":{"loc":{"start":{"line":185,"column":8},"end":{"line":185,"column":64}},"type":"binary-expr","locations":[{"start":{"line":185,"column":8},"end":{"line":185,"column":29}},{"start":{"line":185,"column":29},"end":{"line":185,"column":64}}],"line":185},"17":{"loc":{"start":{"line":196,"column":11},"end":{"line":196,"column":null}},"type":"binary-expr","locations":[{"start":{"line":196,"column":11},"end":{"line":196,"column":53}},{"start":{"line":196,"column":53},"end":{"line":196,"column":null}}],"line":196}},"s":{"0":2,"1":2,"2":2,"3":13,"4":13,"5":13,"6":13,"7":13,"8":13,"9":13,"10":13,"11":13,"12":13,"13":13,"14":13,"15":13,"16":13,"17":26,"18":3,"19":3,"20":3,"21":13,"22":1,"23":1,"24":1,"25":0,"26":13,"27":0,"28":13,"29":2,"30":2,"31":2,"32":1,"33":1,"34":2,"35":2,"36":0,"37":2,"38":2,"39":1,"40":2,"41":13,"42":6,"43":1,"44":6,"45":6,"46":6,"47":6,"48":6,"49":6,"50":12,"51":6,"52":6,"53":6,"54":4,"55":4,"56":2,"57":2,"58":2,"59":0,"60":3,"61":1,"62":3,"63":3,"64":3,"65":3,"66":3,"67":3,"68":3,"69":3,"70":21,"71":3,"72":3,"73":3,"74":3,"75":0,"76":0,"77":0,"78":3,"79":3,"80":4,"81":5,"82":5,"83":1,"84":4,"85":2,"86":5},"f":{"0":13,"1":13,"2":26,"3":3,"4":1,"5":0,"6":2,"7":6,"8":6,"9":12,"10":0,"11":3,"12":21,"13":4,"14":13,"15":13,"16":13},"b":{"0":[3,0],"1":[1,0],"2":[1,1],"3":[0,2],"4":[0,0],"5":[1,1],"6":[1,5],"7":[6,6],"8":[4,2],"9":[1,2],"10":[3,3],"11":[3,0],"12":[3,3],"13":[3,0],"14":[3,3],"15":[1,4],"16":[5,1],"17":[5,4]},"meta":{"lastBranch":18,"lastFunction":17,"lastStatement":87,"seen":{"s:1:20:1:Infinity":0,"s:2:17:2:Infinity":1,"s:3:25:3:Infinity":2,"s:10:36:10:Infinity":3,"f:12:2:12:16":0,"s:13:4:13:Infinity":4,"s:14:4:14:Infinity":5,"s:15:4:15:Infinity":6,"s:16:4:16:Infinity":7,"s:17:4:17:Infinity":8,"f:20:2:20:10":1,"s:21:4:21:Infinity":9,"s:70:21:70:Infinity":10,"s:71:20:71:Infinity":11,"s:72:18:72:Infinity":12,"s:73:24:73:Infinity":13,"s:74:29:74:Infinity":14,"s:75:21:75:Infinity":15,"s:77:4:84:Infinity":16,"f:77:13:77:22":2,"s:78:6:83:Infinity":17,"f:78:27:78:42":3,"s:79:21:79:Infinity":18,"b:80:8:82:Infinity:undefined:undefined:undefined:undefined":0,"s:80:8:82:Infinity":19,"s:81:10:81:Infinity":20,"s:86:4:93:Infinity":21,"f:86:33:86:49":4,"b:87:6:92:Infinity:90:13:92:Infinity":1,"s:87:6:92:Infinity":22,"s:88:8:88:Infinity":23,"s:89:8:89:Infinity":24,"s:91:8:91:Infinity":25,"s:95:4:95:Infinity":26,"f:95:30:95:45":5,"s:95:45:95:56":27,"s:97:4:116:Infinity":28,"f:97:29:97:44":6,"s:98:6:98:Infinity":29,"s:99:18:99:Infinity":30,"b:100:6:104:Infinity:102:13:104:Infinity":2,"s:100:6:104:Infinity":31,"s:101:8:101:Infinity":32,"s:103:8:103:Infinity":33,"s:106:24:106:Infinity":34,"b:107:6:109:Infinity:undefined:undefined:undefined:undefined":3,"s:107:6:109:Infinity":35,"s:108:8:108:Infinity":36,"b:108:22:108:55:108:55:108:Infinity":4,"s:110:6:110:Infinity":37,"b:112:6:114:Infinity:undefined:undefined:undefined:undefined":5,"s:112:6:114:Infinity":38,"s:113:8:113:Infinity":39,"s:115:6:115:Infinity":40,"s:118:4:122:Infinity":41,"f:118:36:118:46":7,"b:119:6:121:Infinity:undefined:undefined:undefined:undefined":6,"s:119:6:121:Infinity":42,"s:120:8:120:Infinity":43,"f:125:2:125:10":8,"s:126:4:126:Infinity":44,"s:127:21:127:Infinity":45,"s:128:20:128:Infinity":46,"s:129:28:129:Infinity":47,"s:130:18:130:Infinity":48,"s:132:4:138:Infinity":49,"f:132:13:132:22":9,"b:133:6:137:Infinity:135:13:137:Infinity":7,"s:133:6:137:Infinity":50,"s:134:8:134:Infinity":51,"s:136:8:136:Infinity":52,"b:140:4:147:Infinity:143:11:147:Infinity":8,"s:140:4:147:Infinity":53,"s:141:6:141:Infinity":54,"s:142:6:142:Infinity":55,"s:144:6:144:Infinity":56,"s:145:6:145:Infinity":57,"s:146:6:146:Infinity":58,"f:146:6:146:23":10,"s:146:23:146:39":59,"f:150:2:150:9":11,"b:151:4:153:Infinity:undefined:undefined:undefined:undefined":9,"s:151:4:153:Infinity":60,"s:152:6:152:Infinity":61,"s:154:22:154:Infinity":62,"s:155:18:155:Infinity":63,"s:156:4:156:Infinity":64,"b:156:18:156:55:156:55:156:Infinity":10,"s:158:23:158:Infinity":65,"s:159:24:159:Infinity":66,"s:160:29:160:Infinity":67,"b:162:4:173:Infinity:undefined:undefined:undefined:undefined":11,"s:162:4:173:Infinity":68,"b:162:8:162:23:162:23:162:41":12,"s:163:27:163:Infinity":69,"f:163:59:163:64":12,"s:163:72:163:81":70,"b:164:6:172:Infinity:168:13:172:Infinity":13,"s:164:6:172:Infinity":71,"b:164:10:164:47:164:47:164:78":14,"s:165:8:165:Infinity":72,"s:166:8:166:Infinity":73,"s:167:8:167:Infinity":74,"s:169:8:169:Infinity":75,"s:170:8:170:Infinity":76,"s:171:8:171:Infinity":77,"s:175:4:175:Infinity":78,"s:176:4:176:Infinity":79,"f:179:2:179:9":13,"s:180:4:180:Infinity":80,"f:183:16:183:44":14,"s:184:17:184:Infinity":81,"b:185:4:187:Infinity:undefined:undefined:undefined:undefined":15,"s:185:4:187:Infinity":82,"b:185:8:185:29:185:29:185:64":16,"s:186:6:186:Infinity":83,"s:188:4:188:Infinity":84,"f:191:16:191:43":15,"s:192:4:192:Infinity":85,"f:195:16:195:41":16,"s:196:4:196:Infinity":86,"b:196:11:196:53:196:53:196:Infinity":17},"fnNames":{}}}
,"/Users/huihui/Documents/Tarot/src/components/TarotWidget.ts": {"path":"/Users/huihui/Documents/Tarot/src/components/TarotWidget.ts","statementMap":{"0":{"start":{"line":8,"column":31},"end":{"line":8,"column":null}},"1":{"start":{"line":9,"column":40},"end":{"line":9,"column":null}},"2":{"start":{"line":11,"column":34},"end":{"line":11,"column":null}},"3":{"start":{"line":14,"column":4},"end":{"line":14,"column":null}},"4":{"start":{"line":15,"column":4},"end":{"line":15,"column":null}},"5":{"start":{"line":16,"column":4},"end":{"line":16,"column":null}},"6":{"start":{"line":20,"column":4},"end":{"line":20,"column":null}},"7":{"start":{"line":21,"column":4},"end":{"line":21,"column":null}},"8":{"start":{"line":24,"column":4},"end":{"line":34,"column":null}},"9":{"start":{"line":25,"column":21},"end":{"line":25,"column":null}},"10":{"start":{"line":26,"column":6},"end":{"line":33,"column":null}},"11":{"start":{"line":27,"column":8},"end":{"line":27,"column":null}},"12":{"start":{"line":27,"column":28},"end":{"line":27,"column":null}},"13":{"start":{"line":28,"column":8},"end":{"line":32,"column":null}},"14":{"start":{"line":29,"column":10},"end":{"line":29,"column":null}},"15":{"start":{"line":31,"column":10},"end":{"line":31,"column":null}},"16":{"start":{"line":36,"column":4},"end":{"line":36,"column":null}},"17":{"start":{"line":40,"column":4},"end":{"line":40,"column":null}},"18":{"start":{"line":40,"column":27},"end":{"line":40,"column":null}},"19":{"start":{"line":41,"column":4},"end":{"line":41,"column":null}},"20":{"start":{"line":42,"column":4},"end":{"line":42,"column":null}},"21":{"start":{"line":43,"column":4},"end":{"line":43,"column":null}},"22":{"start":{"line":46,"column":17},"end":{"line":46,"column":null}},"23":{"start":{"line":47,"column":4},"end":{"line":51,"column":null}},"24":{"start":{"line":48,"column":6},"end":{"line":48,"column":null}},"25":{"start":{"line":49,"column":6},"end":{"line":49,"column":null}},"26":{"start":{"line":50,"column":6},"end":{"line":50,"column":null}},"27":{"start":{"line":55,"column":4},"end":{"line":99,"column":null}},"28":{"start":{"line":77,"column":42},"end":{"line":99,"column":10}},"29":{"start":{"line":118,"column":4},"end":{"line":118,"column":null}},"30":{"start":{"line":123,"column":23},"end":{"line":123,"column":null}},"31":{"start":{"line":124,"column":24},"end":{"line":124,"column":null}},"32":{"start":{"line":125,"column":20},"end":{"line":125,"column":null}},"33":{"start":{"line":126,"column":21},"end":{"line":126,"column":null}},"34":{"start":{"line":128,"column":4},"end":{"line":128,"column":null}},"35":{"start":{"line":128,"column":48},"end":{"line":128,"column":68}},"36":{"start":{"line":129,"column":4},"end":{"line":129,"column":null}},"37":{"start":{"line":129,"column":49},"end":{"line":129,"column":74}},"38":{"start":{"line":131,"column":4},"end":{"line":137,"column":null}},"39":{"start":{"line":132,"column":6},"end":{"line":136,"column":null}},"40":{"start":{"line":133,"column":8},"end":{"line":133,"column":null}},"41":{"start":{"line":135,"column":8},"end":{"line":135,"column":null}},"42":{"start":{"line":139,"column":4},"end":{"line":145,"column":null}},"43":{"start":{"line":140,"column":6},"end":{"line":144,"column":null}},"44":{"start":{"line":141,"column":8},"end":{"line":141,"column":null}},"45":{"start":{"line":143,"column":8},"end":{"line":143,"column":null}},"46":{"start":{"line":148,"column":26},"end":{"line":148,"column":null}},"47":{"start":{"line":149,"column":4},"end":{"line":157,"column":null}},"48":{"start":{"line":150,"column":6},"end":{"line":150,"column":null}},"49":{"start":{"line":150,"column":64},"end":{"line":150,"column":null}},"50":{"start":{"line":151,"column":6},"end":{"line":151,"column":null}},"51":{"start":{"line":151,"column":26},"end":{"line":151,"column":null}},"52":{"start":{"line":152,"column":6},"end":{"line":156,"column":null}},"53":{"start":{"line":153,"column":8},"end":{"line":153,"column":null}},"54":{"start":{"line":155,"column":8},"end":{"line":155,"column":null}},"55":{"start":{"line":160,"column":23},"end":{"line":160,"column":null}},"56":{"start":{"line":161,"column":4},"end":{"line":178,"column":null}},"57":{"start":{"line":162,"column":19},"end":{"line":162,"column":null}},"58":{"start":{"line":163,"column":19},"end":{"line":163,"column":null}},"59":{"start":{"line":165,"column":6},"end":{"line":168,"column":null}},"60":{"start":{"line":166,"column":8},"end":{"line":166,"column":null}},"61":{"start":{"line":167,"column":8},"end":{"line":167,"column":null}},"62":{"start":{"line":170,"column":6},"end":{"line":177,"column":null}},"63":{"start":{"line":171,"column":21},"end":{"line":171,"column":null}},"64":{"start":{"line":173,"column":8},"end":{"line":173,"column":null}},"65":{"start":{"line":173,"column":22},"end":{"line":173,"column":null}},"66":{"start":{"line":175,"column":20},"end":{"line":175,"column":null}},"67":{"start":{"line":176,"column":8},"end":{"line":176,"column":null}},"68":{"start":{"line":181,"column":22},"end":{"line":181,"column":null}},"69":{"start":{"line":182,"column":26},"end":{"line":182,"column":null}},"70":{"start":{"line":184,"column":10},"end":{"line":188,"column":null}},"71":{"start":{"line":185,"column":6},"end":{"line":187,"column":null}},"72":{"start":{"line":186,"column":8},"end":{"line":186,"column":null}},"73":{"start":{"line":190,"column":22},"end":{"line":190,"column":null}},"74":{"start":{"line":191,"column":31},"end":{"line":191,"column":null}},"75":{"start":{"line":193,"column":4},"end":{"line":196,"column":null}},"76":{"start":{"line":194,"column":6},"end":{"line":194,"column":null}},"77":{"start":{"line":195,"column":6},"end":{"line":195,"column":null}},"78":{"start":{"line":198,"column":4},"end":{"line":204,"column":null}},"79":{"start":{"line":199,"column":6},"end":{"line":199,"column":null}},"80":{"start":{"line":200,"column":6},"end":{"line":200,"column":null}},"81":{"start":{"line":201,"column":6},"end":{"line":203,"column":null}},"82":{"start":{"line":202,"column":8},"end":{"line":202,"column":null}},"83":{"start":{"line":206,"column":4},"end":{"line":206,"column":null}},"84":{"start":{"line":207,"column":4},"end":{"line":214,"column":null}},"85":{"start":{"line":208,"column":6},"end":{"line":210,"column":null}},"86":{"start":{"line":209,"column":8},"end":{"line":209,"column":null}},"87":{"start":{"line":211,"column":6},"end":{"line":213,"column":null}},"88":{"start":{"line":212,"column":8},"end":{"line":212,"column":null}},"89":{"start":{"line":218,"column":4},"end":{"line":218,"column":null}},"90":{"start":{"line":218,"column":27},"end":{"line":218,"column":null}},"91":{"start":{"line":220,"column":21},"end":{"line":220,"column":null}},"92":{"start":{"line":221,"column":4},"end":{"line":233,"column":null}},"93":{"start":{"line":223,"column":6},"end":{"line":223,"column":null}},"94":{"start":{"line":224,"column":6},"end":{"line":224,"column":null}},"95":{"start":{"line":227,"column":6},"end":{"line":231,"column":null}},"96":{"start":{"line":228,"column":8},"end":{"line":228,"column":null}},"97":{"start":{"line":230,"column":8},"end":{"line":230,"column":null}},"98":{"start":{"line":232,"column":6},"end":{"line":232,"column":null}},"99":{"start":{"line":235,"column":4},"end":{"line":235,"column":null}},"100":{"start":{"line":239,"column":22},"end":{"line":239,"column":null}},"101":{"start":{"line":240,"column":22},"end":{"line":240,"column":null}},"102":{"start":{"line":242,"column":4},"end":{"line":250,"column":null}},"103":{"start":{"line":243,"column":6},"end":{"line":243,"column":null}},"104":{"start":{"line":244,"column":6},"end":{"line":244,"column":null}},"105":{"start":{"line":245,"column":6},"end":{"line":245,"column":null}},"106":{"start":{"line":245,"column":21},"end":{"line":245,"column":null}},"107":{"start":{"line":247,"column":6},"end":{"line":247,"column":null}},"108":{"start":{"line":248,"column":6},"end":{"line":248,"column":null}},"109":{"start":{"line":249,"column":6},"end":{"line":249,"column":null}},"110":{"start":{"line":249,"column":21},"end":{"line":249,"column":null}},"111":{"start":{"line":254,"column":4},"end":{"line":254,"column":null}},"112":{"start":{"line":254,"column":59},"end":{"line":254,"column":null}},"113":{"start":{"line":256,"column":4},"end":{"line":256,"column":null}},"114":{"start":{"line":257,"column":22},"end":{"line":257,"column":null}},"115":{"start":{"line":258,"column":26},"end":{"line":258,"column":null}},"116":{"start":{"line":259,"column":22},"end":{"line":259,"column":null}},"117":{"start":{"line":261,"column":4},"end":{"line":261,"column":null}},"118":{"start":{"line":261,"column":19},"end":{"line":261,"column":null}},"119":{"start":{"line":262,"column":4},"end":{"line":262,"column":null}},"120":{"start":{"line":262,"column":23},"end":{"line":262,"column":null}},"121":{"start":{"line":265,"column":4},"end":{"line":265,"column":null}},"122":{"start":{"line":281,"column":23},"end":{"line":281,"column":null}},"123":{"start":{"line":282,"column":20},"end":{"line":282,"column":null}},"124":{"start":{"line":283,"column":25},"end":{"line":283,"column":null}},"125":{"start":{"line":285,"column":19},"end":{"line":285,"column":null}},"126":{"start":{"line":287,"column":4},"end":{"line":328,"column":null}},"127":{"start":{"line":289,"column":8},"end":{"line":289,"column":null}},"128":{"start":{"line":290,"column":8},"end":{"line":290,"column":null}},"129":{"start":{"line":293,"column":8},"end":{"line":297,"column":null}},"130":{"start":{"line":294,"column":10},"end":{"line":294,"column":null}},"131":{"start":{"line":295,"column":10},"end":{"line":295,"column":null}},"132":{"start":{"line":296,"column":10},"end":{"line":296,"column":null}},"133":{"start":{"line":298,"column":8},"end":{"line":298,"column":null}},"134":{"start":{"line":301,"column":23},"end":{"line":301,"column":null}},"135":{"start":{"line":302,"column":8},"end":{"line":302,"column":null}},"136":{"start":{"line":303,"column":8},"end":{"line":303,"column":null}},"137":{"start":{"line":305,"column":8},"end":{"line":305,"column":null}},"138":{"start":{"line":307,"column":27},"end":{"line":307,"column":null}},"139":{"start":{"line":308,"column":8},"end":{"line":310,"column":null}},"140":{"start":{"line":309,"column":10},"end":{"line":309,"column":null}},"141":{"start":{"line":313,"column":8},"end":{"line":313,"column":null}},"142":{"start":{"line":314,"column":8},"end":{"line":314,"column":null}},"143":{"start":{"line":314,"column":23},"end":{"line":314,"column":null}},"144":{"start":{"line":315,"column":8},"end":{"line":315,"column":null}},"145":{"start":{"line":315,"column":27},"end":{"line":315,"column":null}},"146":{"start":{"line":316,"column":8},"end":{"line":316,"column":null}},"147":{"start":{"line":319,"column":8},"end":{"line":319,"column":null}},"148":{"start":{"line":320,"column":8},"end":{"line":320,"column":null}},"149":{"start":{"line":320,"column":23},"end":{"line":320,"column":null}},"150":{"start":{"line":321,"column":8},"end":{"line":321,"column":null}},"151":{"start":{"line":321,"column":27},"end":{"line":321,"column":null}},"152":{"start":{"line":322,"column":8},"end":{"line":322,"column":null}},"153":{"start":{"line":323,"column":8},"end":{"line":323,"column":null}},"154":{"start":{"line":324,"column":8},"end":{"line":324,"column":null}},"155":{"start":{"line":325,"column":8},"end":{"line":325,"column":null}},"156":{"start":{"line":326,"column":8},"end":{"line":326,"column":null}}},"fnMap":{"0":{"name":"constructor","decl":{"start":{"line":13,"column":2},"end":{"line":13,"column":14}},"loc":{"start":{"line":13,"column":40},"end":{"line":17,"column":null}},"line":13},"1":{"name":"init","decl":{"start":{"line":19,"column":2},"end":{"line":19,"column":10}},"loc":{"start":{"line":19,"column":17},"end":{"line":37,"column":null}},"line":19},"2":{"name":"(anonymous_2)","decl":{"start":{"line":24,"column":44},"end":{"line":24,"column":51}},"loc":{"start":{"line":24,"column":69},"end":{"line":34,"column":5}},"line":24},"3":{"name":"drawNewSpread","decl":{"start":{"line":39,"column":2},"end":{"line":39,"column":9}},"loc":{"start":{"line":39,"column":25},"end":{"line":52,"column":null}},"line":39},"4":{"name":"render","decl":{"start":{"line":54,"column":2},"end":{"line":54,"column":10}},"loc":{"start":{"line":54,"column":19},"end":{"line":119,"column":null}},"line":54},"5":{"name":"(anonymous_5)","decl":{"start":{"line":77,"column":21},"end":{"line":77,"column":26}},"loc":{"start":{"line":77,"column":42},"end":{"line":99,"column":10}},"line":77},"6":{"name":"bindEvents","decl":{"start":{"line":121,"column":2},"end":{"line":121,"column":10}},"loc":{"start":{"line":121,"column":23},"end":{"line":215,"column":null}},"line":121},"7":{"name":"(anonymous_7)","decl":{"start":{"line":128,"column":33},"end":{"line":128,"column":48}},"loc":{"start":{"line":128,"column":48},"end":{"line":128,"column":68}},"line":128},"8":{"name":"(anonymous_8)","decl":{"start":{"line":129,"column":34},"end":{"line":129,"column":49}},"loc":{"start":{"line":129,"column":49},"end":{"line":129,"column":74}},"line":129},"9":{"name":"(anonymous_9)","decl":{"start":{"line":131,"column":39},"end":{"line":131,"column":51}},"loc":{"start":{"line":131,"column":51},"end":{"line":137,"column":5}},"line":131},"10":{"name":"(anonymous_10)","decl":{"start":{"line":139,"column":40},"end":{"line":139,"column":52}},"loc":{"start":{"line":139,"column":52},"end":{"line":145,"column":5}},"line":139},"11":{"name":"(anonymous_11)","decl":{"start":{"line":149,"column":49},"end":{"line":149,"column":56}},"loc":{"start":{"line":149,"column":74},"end":{"line":157,"column":5}},"line":149},"12":{"name":"(anonymous_12)","decl":{"start":{"line":161,"column":15},"end":{"line":161,"column":24}},"loc":{"start":{"line":161,"column":34},"end":{"line":178,"column":5}},"line":161},"13":{"name":"(anonymous_13)","decl":{"start":{"line":165,"column":29},"end":{"line":165,"column":43}},"loc":{"start":{"line":165,"column":54},"end":{"line":168,"column":7}},"line":165},"14":{"name":"(anonymous_14)","decl":{"start":{"line":170,"column":29},"end":{"line":170,"column":41}},"loc":{"start":{"line":170,"column":52},"end":{"line":177,"column":7}},"line":170},"15":{"name":"(anonymous_15)","decl":{"start":{"line":184,"column":10},"end":{"line":184,"column":32}},"loc":{"start":{"line":184,"column":32},"end":{"line":188,"column":null}},"line":184},"16":{"name":"(anonymous_16)","decl":{"start":{"line":193,"column":36},"end":{"line":193,"column":62}},"loc":{"start":{"line":193,"column":62},"end":{"line":196,"column":5}},"line":193},"17":{"name":"(anonymous_17)","decl":{"start":{"line":198,"column":36},"end":{"line":198,"column":60}},"loc":{"start":{"line":198,"column":60},"end":{"line":204,"column":5}},"line":198},"18":{"name":"(anonymous_18)","decl":{"start":{"line":201,"column":6},"end":{"line":201,"column":23}},"loc":{"start":{"line":201,"column":23},"end":{"line":203,"column":9}},"line":201},"19":{"name":"(anonymous_19)","decl":{"start":{"line":207,"column":36},"end":{"line":207,"column":48}},"loc":{"start":{"line":207,"column":54},"end":{"line":214,"column":5}},"line":207},"20":{"name":"toggleCardFlip","decl":{"start":{"line":217,"column":2},"end":{"line":217,"column":10}},"loc":{"start":{"line":217,"column":64},"end":{"line":236,"column":null}},"line":217},"21":{"name":"updateSpreadState","decl":{"start":{"line":238,"column":2},"end":{"line":238,"column":10}},"loc":{"start":{"line":238,"column":30},"end":{"line":251,"column":null}},"line":238},"22":{"name":"startInterpretation","decl":{"start":{"line":253,"column":16},"end":{"line":253,"column":36}},"loc":{"start":{"line":253,"column":54},"end":{"line":329,"column":null}},"line":253},"23":{"name":"(anonymous_23)","decl":{"start":{"line":288,"column":6},"end":{"line":288,"column":21}},"loc":{"start":{"line":288,"column":21},"end":{"line":291,"column":null}},"line":288},"24":{"name":"(anonymous_24)","decl":{"start":{"line":292,"column":6},"end":{"line":292,"column":16}},"loc":{"start":{"line":292,"column":34},"end":{"line":311,"column":null}},"line":292},"25":{"name":"(anonymous_25)","decl":{"start":{"line":312,"column":6},"end":{"line":312,"column":24}},"loc":{"start":{"line":312,"column":24},"end":{"line":317,"column":null}},"line":312},"26":{"name":"(anonymous_26)","decl":{"start":{"line":318,"column":6},"end":{"line":318,"column":16}},"loc":{"start":{"line":318,"column":35},"end":{"line":327,"column":null}},"line":318}},"branchMap":{"0":{"loc":{"start":{"line":26,"column":6},"end":{"line":33,"column":null}},"type":"if","locations":[{"start":{"line":26,"column":6},"end":{"line":33,"column":null}},{"start":{},"end":{}}],"line":26},"1":{"loc":{"start":{"line":26,"column":10},"end":{"line":26,"column":109}},"type":"binary-expr","locations":[{"start":{"line":26,"column":10},"end":{"line":26,"column":34}},{"start":{"line":26,"column":34},"end":{"line":26,"column":63}},{"start":{"line":26,"column":63},"end":{"line":26,"column":109}}],"line":26},"2":{"loc":{"start":{"line":27,"column":8},"end":{"line":27,"column":null}},"type":"if","locations":[{"start":{"line":27,"column":8},"end":{"line":27,"column":null}},{"start":{},"end":{}}],"line":27},"3":{"loc":{"start":{"line":40,"column":4},"end":{"line":40,"column":null}},"type":"if","locations":[{"start":{"line":40,"column":4},"end":{"line":40,"column":null}},{"start":{},"end":{}}],"line":40},"4":{"loc":{"start":{"line":47,"column":4},"end":{"line":51,"column":null}},"type":"if","locations":[{"start":{"line":47,"column":4},"end":{"line":51,"column":null}},{"start":{},"end":{}}],"line":47},"5":{"loc":{"start":{"line":94,"column":46},"end":{"line":94,"column":80}},"type":"cond-expr","locations":[{"start":{"line":94,"column":64},"end":{"line":94,"column":77}},{"start":{"line":94,"column":77},"end":{"line":94,"column":80}}],"line":94},"6":{"loc":{"start":{"line":95,"column":18},"end":{"line":95,"column":null}},"type":"cond-expr","locations":[{"start":{"line":95,"column":36},"end":{"line":95,"column":54}},{"start":{"line":95,"column":54},"end":{"line":95,"column":null}}],"line":95},"7":{"loc":{"start":{"line":150,"column":6},"end":{"line":150,"column":null}},"type":"if","locations":[{"start":{"line":150,"column":6},"end":{"line":150,"column":null}},{"start":{},"end":{}}],"line":150},"8":{"loc":{"start":{"line":151,"column":6},"end":{"line":151,"column":null}},"type":"if","locations":[{"start":{"line":151,"column":6},"end":{"line":151,"column":null}},{"start":{},"end":{}}],"line":151},"9":{"loc":{"start":{"line":173,"column":8},"end":{"line":173,"column":null}},"type":"if","locations":[{"start":{"line":173,"column":8},"end":{"line":173,"column":null}},{"start":{},"end":{}}],"line":173},"10":{"loc":{"start":{"line":175,"column":29},"end":{"line":175,"column":70}},"type":"binary-expr","locations":[{"start":{"line":175,"column":29},"end":{"line":175,"column":65}},{"start":{"line":175,"column":65},"end":{"line":175,"column":70}}],"line":175},"11":{"loc":{"start":{"line":185,"column":6},"end":{"line":187,"column":null}},"type":"if","locations":[{"start":{"line":185,"column":6},"end":{"line":187,"column":null}},{"start":{},"end":{}}],"line":185},"12":{"loc":{"start":{"line":185,"column":10},"end":{"line":185,"column":64}},"type":"binary-expr","locations":[{"start":{"line":185,"column":10},"end":{"line":185,"column":44}},{"start":{"line":185,"column":44},"end":{"line":185,"column":64}}],"line":185},"13":{"loc":{"start":{"line":208,"column":6},"end":{"line":210,"column":null}},"type":"if","locations":[{"start":{"line":208,"column":6},"end":{"line":210,"column":null}},{"start":{},"end":{}}],"line":208},"14":{"loc":{"start":{"line":208,"column":10},"end":{"line":208,"column":85}},"type":"binary-expr","locations":[{"start":{"line":208,"column":10},"end":{"line":208,"column":25}},{"start":{"line":208,"column":25},"end":{"line":208,"column":42}},{"start":{"line":208,"column":42},"end":{"line":208,"column":63}},{"start":{"line":208,"column":63},"end":{"line":208,"column":85}}],"line":208},"15":{"loc":{"start":{"line":211,"column":6},"end":{"line":213,"column":null}},"type":"if","locations":[{"start":{"line":211,"column":6},"end":{"line":213,"column":null}},{"start":{},"end":{}}],"line":211},"16":{"loc":{"start":{"line":218,"column":4},"end":{"line":218,"column":null}},"type":"if","locations":[{"start":{"line":218,"column":4},"end":{"line":218,"column":null}},{"start":{},"end":{}}],"line":218},"17":{"loc":{"start":{"line":221,"column":4},"end":{"line":233,"column":null}},"type":"if","locations":[{"start":{"line":221,"column":4},"end":{"line":233,"column":null}},{"start":{"line":225,"column":11},"end":{"line":233,"column":null}}],"line":221},"18":{"loc":{"start":{"line":227,"column":6},"end":{"line":231,"column":null}},"type":"if","locations":[{"start":{"line":227,"column":6},"end":{"line":231,"column":null}},{"start":{"line":229,"column":13},"end":{"line":231,"column":null}}],"line":227},"19":{"loc":{"start":{"line":242,"column":4},"end":{"line":250,"column":null}},"type":"if","locations":[{"start":{"line":242,"column":4},"end":{"line":250,"column":null}},{"start":{"line":246,"column":11},"end":{"line":250,"column":null}}],"line":242},"20":{"loc":{"start":{"line":245,"column":6},"end":{"line":245,"column":null}},"type":"if","locations":[{"start":{"line":245,"column":6},"end":{"line":245,"column":null}},{"start":{},"end":{}}],"line":245},"21":{"loc":{"start":{"line":249,"column":6},"end":{"line":249,"column":null}},"type":"if","locations":[{"start":{"line":249,"column":6},"end":{"line":249,"column":null}},{"start":{},"end":{}}],"line":249},"22":{"loc":{"start":{"line":254,"column":4},"end":{"line":254,"column":null}},"type":"if","locations":[{"start":{"line":254,"column":4},"end":{"line":254,"column":null}},{"start":{},"end":{}}],"line":254},"23":{"loc":{"start":{"line":254,"column":8},"end":{"line":254,"column":59}},"type":"binary-expr","locations":[{"start":{"line":254,"column":8},"end":{"line":254,"column":40}},{"start":{"line":254,"column":40},"end":{"line":254,"column":59}}],"line":254},"24":{"loc":{"start":{"line":261,"column":4},"end":{"line":261,"column":null}},"type":"if","locations":[{"start":{"line":261,"column":4},"end":{"line":261,"column":null}},{"start":{},"end":{}}],"line":261},"25":{"loc":{"start":{"line":262,"column":4},"end":{"line":262,"column":null}},"type":"if","locations":[{"start":{"line":262,"column":4},"end":{"line":262,"column":null}},{"start":{},"end":{}}],"line":262},"26":{"loc":{"start":{"line":293,"column":8},"end":{"line":297,"column":null}},"type":"if","locations":[{"start":{"line":293,"column":8},"end":{"line":297,"column":null}},{"start":{},"end":{}}],"line":293},"27":{"loc":{"start":{"line":308,"column":8},"end":{"line":310,"column":null}},"type":"if","locations":[{"start":{"line":308,"column":8},"end":{"line":310,"column":null}},{"start":{},"end":{}}],"line":308},"28":{"loc":{"start":{"line":314,"column":8},"end":{"line":314,"column":null}},"type":"if","locations":[{"start":{"line":314,"column":8},"end":{"line":314,"column":null}},{"start":{},"end":{}}],"line":314},"29":{"loc":{"start":{"line":315,"column":8},"end":{"line":315,"column":null}},"type":"if","locations":[{"start":{"line":315,"column":8},"end":{"line":315,"column":null}},{"start":{},"end":{}}],"line":315},"30":{"loc":{"start":{"line":320,"column":8},"end":{"line":320,"column":null}},"type":"if","locations":[{"start":{"line":320,"column":8},"end":{"line":320,"column":null}},{"start":{},"end":{}}],"line":320},"31":{"loc":{"start":{"line":321,"column":8},"end":{"line":321,"column":null}},"type":"if","locations":[{"start":{"line":321,"column":8},"end":{"line":321,"column":null}},{"start":{},"end":{}}],"line":321}},"s":{"0":6,"1":6,"2":6,"3":6,"4":6,"5":6,"6":6,"7":6,"8":6,"9":0,"10":0,"11":0,"12":0,"13":0,"14":0,"15":0,"16":6,"17":7,"18":0,"19":7,"20":7,"21":7,"22":7,"23":7,"24":7,"25":7,"26":7,"27":7,"28":21,"29":7,"30":7,"31":7,"32":7,"33":7,"34":7,"35":1,"36":7,"37":0,"38":7,"39":1,"40":1,"41":0,"42":7,"43":0,"44":0,"45":0,"46":7,"47":7,"48":0,"49":0,"50":0,"51":0,"52":0,"53":0,"54":0,"55":7,"56":7,"57":21,"58":21,"59":21,"60":13,"61":13,"62":21,"63":13,"64":13,"65":0,"66":13,"67":13,"68":7,"69":7,"70":7,"71":2,"72":2,"73":7,"74":7,"75":7,"76":0,"77":0,"78":7,"79":0,"80":0,"81":0,"82":0,"83":7,"84":7,"85":0,"86":0,"87":0,"88":0,"89":13,"90":0,"91":13,"92":13,"93":1,"94":1,"95":12,"96":2,"97":10,"98":12,"99":13,"100":13,"101":13,"102":13,"103":4,"104":4,"105":4,"106":4,"107":9,"108":9,"109":9,"110":9,"111":2,"112":0,"113":2,"114":2,"115":2,"116":2,"117":2,"118":2,"119":2,"120":2,"121":2,"122":2,"123":2,"124":2,"125":2,"126":2,"127":2,"128":2,"129":2,"130":1,"131":1,"132":1,"133":2,"134":2,"135":2,"136":2,"137":2,"138":2,"139":2,"140":2,"141":1,"142":1,"143":1,"144":1,"145":1,"146":1,"147":1,"148":1,"149":1,"150":1,"151":1,"152":1,"153":1,"154":1,"155":1,"156":1},"f":{"0":6,"1":6,"2":0,"3":7,"4":7,"5":21,"6":7,"7":1,"8":0,"9":1,"10":0,"11":0,"12":21,"13":13,"14":13,"15":2,"16":0,"17":0,"18":0,"19":0,"20":13,"21":13,"22":2,"23":2,"24":2,"25":1,"26":1},"b":{"0":[0,0],"1":[0,0,0],"2":[0,0],"3":[0,7],"4":[7,0],"5":[5,16],"6":[5,16],"7":[0,0],"8":[0,0],"9":[0,13],"10":[13,0],"11":[2,0],"12":[2,2],"13":[0,0],"14":[0,0,0,0],"15":[0,0],"16":[0,13],"17":[1,12],"18":[2,10],"19":[4,9],"20":[4,0],"21":[9,0],"22":[0,2],"23":[2,2],"24":[2,0],"25":[2,0],"26":[1,1],"27":[2,0],"28":[1,0],"29":[1,0],"30":[1,0],"31":[1,0]},"meta":{"lastBranch":32,"lastFunction":27,"lastStatement":157,"seen":{"s:8:31:8:Infinity":0,"s:9:40:9:Infinity":1,"s:11:34:11:Infinity":2,"f:13:2:13:14":0,"s:14:4:14:Infinity":3,"s:15:4:15:Infinity":4,"s:16:4:16:Infinity":5,"f:19:2:19:10":1,"s:20:4:20:Infinity":6,"s:21:4:21:Infinity":7,"s:24:4:34:Infinity":8,"f:24:44:24:51":2,"s:25:21:25:Infinity":9,"b:26:6:33:Infinity:undefined:undefined:undefined:undefined":0,"s:26:6:33:Infinity":10,"b:26:10:26:34:26:34:26:63:26:63:26:109":1,"b:27:8:27:Infinity:undefined:undefined:undefined:undefined":2,"s:27:8:27:Infinity":11,"s:27:28:27:Infinity":12,"s:28:8:32:Infinity":13,"s:29:10:29:Infinity":14,"s:31:10:31:Infinity":15,"s:36:4:36:Infinity":16,"f:39:2:39:9":3,"b:40:4:40:Infinity:undefined:undefined:undefined:undefined":3,"s:40:4:40:Infinity":17,"s:40:27:40:Infinity":18,"s:41:4:41:Infinity":19,"s:42:4:42:Infinity":20,"s:43:4:43:Infinity":21,"s:46:17:46:Infinity":22,"b:47:4:51:Infinity:undefined:undefined:undefined:undefined":4,"s:47:4:51:Infinity":23,"s:48:6:48:Infinity":24,"s:49:6:49:Infinity":25,"s:50:6:50:Infinity":26,"f:54:2:54:10":4,"s:55:4:99:Infinity":27,"f:77:21:77:26":5,"s:77:42:99:10":28,"b:94:64:94:77:94:77:94:80":5,"b:95:36:95:54:95:54:95:Infinity":6,"s:118:4:118:Infinity":29,"f:121:2:121:10":6,"s:123:23:123:Infinity":30,"s:124:24:124:Infinity":31,"s:125:20:125:Infinity":32,"s:126:21:126:Infinity":33,"s:128:4:128:Infinity":34,"f:128:33:128:48":7,"s:128:48:128:68":35,"s:129:4:129:Infinity":36,"f:129:34:129:49":8,"s:129:49:129:74":37,"s:131:4:137:Infinity":38,"f:131:39:131:51":9,"s:132:6:136:Infinity":39,"s:133:8:133:Infinity":40,"s:135:8:135:Infinity":41,"s:139:4:145:Infinity":42,"f:139:40:139:52":10,"s:140:6:144:Infinity":43,"s:141:8:141:Infinity":44,"s:143:8:143:Infinity":45,"s:148:26:148:Infinity":46,"s:149:4:157:Infinity":47,"f:149:49:149:56":11,"b:150:6:150:Infinity:undefined:undefined:undefined:undefined":7,"s:150:6:150:Infinity":48,"s:150:64:150:Infinity":49,"b:151:6:151:Infinity:undefined:undefined:undefined:undefined":8,"s:151:6:151:Infinity":50,"s:151:26:151:Infinity":51,"s:152:6:156:Infinity":52,"s:153:8:153:Infinity":53,"s:155:8:155:Infinity":54,"s:160:23:160:Infinity":55,"s:161:4:178:Infinity":56,"f:161:15:161:24":12,"s:162:19:162:Infinity":57,"s:163:19:163:Infinity":58,"s:165:6:168:Infinity":59,"f:165:29:165:43":13,"s:166:8:166:Infinity":60,"s:167:8:167:Infinity":61,"s:170:6:177:Infinity":62,"f:170:29:170:41":14,"s:171:21:171:Infinity":63,"b:173:8:173:Infinity:undefined:undefined:undefined:undefined":9,"s:173:8:173:Infinity":64,"s:173:22:173:Infinity":65,"s:175:20:175:Infinity":66,"b:175:29:175:65:175:65:175:70":10,"s:176:8:176:Infinity":67,"s:181:22:181:Infinity":68,"s:182:26:182:Infinity":69,"s:184:10:188:Infinity":70,"f:184:10:184:32":15,"b:185:6:187:Infinity:undefined:undefined:undefined:undefined":11,"s:185:6:187:Infinity":71,"b:185:10:185:44:185:44:185:64":12,"s:186:8:186:Infinity":72,"s:190:22:190:Infinity":73,"s:191:31:191:Infinity":74,"s:193:4:196:Infinity":75,"f:193:36:193:62":16,"s:194:6:194:Infinity":76,"s:195:6:195:Infinity":77,"s:198:4:204:Infinity":78,"f:198:36:198:60":17,"s:199:6:199:Infinity":79,"s:200:6:200:Infinity":80,"s:201:6:203:Infinity":81,"f:201:6:201:23":18,"s:202:8:202:Infinity":82,"s:206:4:206:Infinity":83,"s:207:4:214:Infinity":84,"f:207:36:207:48":19,"b:208:6:210:Infinity:undefined:undefined:undefined:undefined":13,"s:208:6:210:Infinity":85,"b:208:10:208:25:208:25:208:42:208:42:208:63:208:63:208:85":14,"s:209:8:209:Infinity":86,"b:211:6:213:Infinity:undefined:undefined:undefined:undefined":15,"s:211:6:213:Infinity":87,"s:212:8:212:Infinity":88,"f:217:2:217:10":20,"b:218:4:218:Infinity:undefined:undefined:undefined:undefined":16,"s:218:4:218:Infinity":89,"s:218:27:218:Infinity":90,"s:220:21:220:Infinity":91,"b:221:4:233:Infinity:225:11:233:Infinity":17,"s:221:4:233:Infinity":92,"s:223:6:223:Infinity":93,"s:224:6:224:Infinity":94,"b:227:6:231:Infinity:229:13:231:Infinity":18,"s:227:6:231:Infinity":95,"s:228:8:228:Infinity":96,"s:230:8:230:Infinity":97,"s:232:6:232:Infinity":98,"s:235:4:235:Infinity":99,"f:238:2:238:10":21,"s:239:22:239:Infinity":100,"s:240:22:240:Infinity":101,"b:242:4:250:Infinity:246:11:250:Infinity":19,"s:242:4:250:Infinity":102,"s:243:6:243:Infinity":103,"s:244:6:244:Infinity":104,"b:245:6:245:Infinity:undefined:undefined:undefined:undefined":20,"s:245:6:245:Infinity":105,"s:245:21:245:Infinity":106,"s:247:6:247:Infinity":107,"s:248:6:248:Infinity":108,"b:249:6:249:Infinity:undefined:undefined:undefined:undefined":21,"s:249:6:249:Infinity":109,"s:249:21:249:Infinity":110,"f:253:16:253:36":22,"b:254:4:254:Infinity:undefined:undefined:undefined:undefined":22,"s:254:4:254:Infinity":111,"b:254:8:254:40:254:40:254:59":23,"s:254:59:254:Infinity":112,"s:256:4:256:Infinity":113,"s:257:22:257:Infinity":114,"s:258:26:258:Infinity":115,"s:259:22:259:Infinity":116,"b:261:4:261:Infinity:undefined:undefined:undefined:undefined":24,"s:261:4:261:Infinity":117,"s:261:19:261:Infinity":118,"b:262:4:262:Infinity:undefined:undefined:undefined:undefined":25,"s:262:4:262:Infinity":119,"s:262:23:262:Infinity":120,"s:265:4:265:Infinity":121,"s:281:23:281:Infinity":122,"s:282:20:282:Infinity":123,"s:283:25:283:Infinity":124,"s:285:19:285:Infinity":125,"s:287:4:328:Infinity":126,"f:288:6:288:21":23,"s:289:8:289:Infinity":127,"s:290:8:290:Infinity":128,"f:292:6:292:16":24,"b:293:8:297:Infinity:undefined:undefined:undefined:undefined":26,"s:293:8:297:Infinity":129,"s:294:10:294:Infinity":130,"s:295:10:295:Infinity":131,"s:296:10:296:Infinity":132,"s:298:8:298:Infinity":133,"s:301:23:301:Infinity":134,"s:302:8:302:Infinity":135,"s:303:8:303:Infinity":136,"s:305:8:305:Infinity":137,"s:307:27:307:Infinity":138,"b:308:8:310:Infinity:undefined:undefined:undefined:undefined":27,"s:308:8:310:Infinity":139,"s:309:10:309:Infinity":140,"f:312:6:312:24":25,"s:313:8:313:Infinity":141,"b:314:8:314:Infinity:undefined:undefined:undefined:undefined":28,"s:314:8:314:Infinity":142,"s:314:23:314:Infinity":143,"b:315:8:315:Infinity:undefined:undefined:undefined:undefined":29,"s:315:8:315:Infinity":144,"s:315:27:315:Infinity":145,"s:316:8:316:Infinity":146,"f:318:6:318:16":26,"s:319:8:319:Infinity":147,"b:320:8:320:Infinity:undefined:undefined:undefined:undefined":30,"s:320:8:320:Infinity":148,"s:320:23:320:Infinity":149,"b:321:8:321:Infinity:undefined:undefined:undefined:undefined":31,"s:321:8:321:Infinity":150,"s:321:27:321:Infinity":151,"s:322:8:322:Infinity":152,"s:323:8:323:Infinity":153,"s:324:8:324:Infinity":154,"s:325:8:325:Infinity":155,"s:326:8:326:Infinity":156},"fnNames":{}}}
,"/Users/huihui/Documents/Tarot/src/data/tarotDeck.ts": {"path":"/Users/huihui/Documents/Tarot/src/data/tarotDeck.ts","statementMap":{"0":{"start":{"line":14,"column":41},"end":{"line":279,"column":null}},"1":{"start":{"line":291,"column":25},"end":{"line":295,"column":null}},"2":{"start":{"line":298,"column":19},"end":{"line":298,"column":null}},"3":{"start":{"line":299,"column":2},"end":{"line":302,"column":null}},"4":{"start":{"line":299,"column":15},"end":{"line":299,"column":36}},"5":{"start":{"line":300,"column":14},"end":{"line":300,"column":null}},"6":{"start":{"line":301,"column":4},"end":{"line":301,"column":null}},"7":{"start":{"line":303,"column":2},"end":{"line":311,"column":null}},"8":{"start":{"line":304,"column":23},"end":{"line":304,"column":null}},"9":{"start":{"line":305,"column":4},"end":{"line":310,"column":null}}},"fnMap":{"0":{"name":"getRandomSpread","decl":{"start":{"line":297,"column":16},"end":{"line":297,"column":32}},"loc":{"start":{"line":297,"column":64},"end":{"line":312,"column":null}},"line":297},"1":{"name":"(anonymous_1)","decl":{"start":{"line":303,"column":34},"end":{"line":303,"column":39}},"loc":{"start":{"line":303,"column":55},"end":{"line":311,"column":3}},"line":303}},"branchMap":{"0":{"loc":{"start":{"line":297,"column":32},"end":{"line":297,"column":64}},"type":"default-arg","locations":[{"start":{"line":297,"column":48},"end":{"line":297,"column":64}}],"line":297},"1":{"loc":{"start":{"line":308,"column":21},"end":{"line":308,"column":null}},"type":"binary-expr","locations":[{"start":{"line":308,"column":21},"end":{"line":308,"column":55}},{"start":{"line":308,"column":55},"end":{"line":308,"column":null}}],"line":308},"2":{"loc":{"start":{"line":309,"column":23},"end":{"line":309,"column":null}},"type":"binary-expr","locations":[{"start":{"line":309,"column":23},"end":{"line":309,"column":59}},{"start":{"line":309,"column":59},"end":{"line":309,"column":null}}],"line":309}},"s":{"0":2,"1":2,"2":11,"3":11,"4":11,"5":231,"6":231,"7":11,"8":35,"9":35},"f":{"0":11,"1":35},"b":{"0":[11],"1":[35,4],"2":[35,4]},"meta":{"lastBranch":3,"lastFunction":2,"lastStatement":10,"seen":{"s:14:41:279:Infinity":0,"s:291:25:295:Infinity":1,"f:297:16:297:32":0,"b:297:48:297:64":0,"s:298:19:298:Infinity":2,"s:299:2:302:Infinity":3,"s:299:15:299:36":4,"s:300:14:300:Infinity":5,"s:301:4:301:Infinity":6,"s:303:2:311:Infinity":7,"f:303:34:303:39":1,"s:304:23:304:Infinity":8,"s:305:4:310:Infinity":9,"b:308:21:308:55:308:55:308:Infinity":1,"b:309:23:309:59:309:59:309:Infinity":2},"fnNames":{}}}
,"/Users/huihui/Documents/Tarot/src/services/GeminiService.ts": {"path":"/Users/huihui/Documents/Tarot/src/services/GeminiService.ts","statementMap":{"0":{"start":{"line":22,"column":17},"end":{"line":22,"column":null}},"1":{"start":{"line":23,"column":23},"end":{"line":23,"column":null}},"2":{"start":{"line":25,"column":4},"end":{"line":34,"column":null}},"3":{"start":{"line":26,"column":6},"end":{"line":33,"column":null}},"4":{"start":{"line":27,"column":28},"end":{"line":27,"column":null}},"5":{"start":{"line":28,"column":8},"end":{"line":30,"column":null}},"6":{"start":{"line":29,"column":10},"end":{"line":29,"column":null}},"7":{"start":{"line":32,"column":8},"end":{"line":32,"column":null}},"8":{"start":{"line":36,"column":4},"end":{"line":39,"column":null}},"9":{"start":{"line":37,"column":6},"end":{"line":37,"column":null}},"10":{"start":{"line":38,"column":6},"end":{"line":38,"column":null}},"11":{"start":{"line":41,"column":4},"end":{"line":41,"column":null}},"12":{"start":{"line":41,"column":27},"end":{"line":41,"column":null}},"13":{"start":{"line":43,"column":18},"end":{"line":43,"column":null}},"14":{"start":{"line":44,"column":26},"end":{"line":46,"column":null}},"15":{"start":{"line":49,"column":23},"end":{"line":57,"column":null}},"16":{"start":{"line":50,"column":23},"end":{"line":50,"column":null}},"17":{"start":{"line":51,"column":22},"end":{"line":51,"column":null}},"18":{"start":{"line":52,"column":6},"end":{"line":56,"column":null}},"19":{"start":{"line":59,"column":25},"end":{"line":59,"column":null}},"20":{"start":{"line":66,"column":19},"end":{"line":72,"column":null}},"21":{"start":{"line":76,"column":25},"end":{"line":76,"column":null}},"22":{"start":{"line":78,"column":4},"end":{"line":111,"column":null}},"23":{"start":{"line":78,"column":17},"end":{"line":78,"column":20}},"24":{"start":{"line":79,"column":24},"end":{"line":79,"column":null}},"25":{"start":{"line":80,"column":6},"end":{"line":110,"column":null}},"26":{"start":{"line":81,"column":22},"end":{"line":81,"column":null}},"27":{"start":{"line":82,"column":23},"end":{"line":82,"column":null}},"28":{"start":{"line":84,"column":8},"end":{"line":99,"column":null}},"29":{"start":{"line":85,"column":24},"end":{"line":85,"column":null}},"30":{"start":{"line":86,"column":26},"end":{"line":86,"column":null}},"31":{"start":{"line":87,"column":10},"end":{"line":95,"column":null}},"32":{"start":{"line":89,"column":12},"end":{"line":91,"column":null}},"33":{"start":{"line":90,"column":14},"end":{"line":90,"column":null}},"34":{"start":{"line":92,"column":12},"end":{"line":94,"column":null}},"35":{"start":{"line":93,"column":14},"end":{"line":93,"column":null}},"36":{"start":{"line":96,"column":10},"end":{"line":98,"column":null}},"37":{"start":{"line":97,"column":12},"end":{"line":97,"column":null}},"38":{"start":{"line":101,"column":8},"end":{"line":101,"column":null}},"39":{"start":{"line":102,"column":8},"end":{"line":102,"column":null}},"40":{"start":{"line":104,"column":8},"end":{"line":104,"column":null}},"41":{"start":{"line":105,"column":8},"end":{"line":105,"column":null}},"42":{"start":{"line":107,"column":8},"end":{"line":109,"column":null}},"43":{"start":{"line":108,"column":10},"end":{"line":108,"column":null}},"44":{"start":{"line":114,"column":4},"end":{"line":114,"column":null}},"45":{"start":{"line":115,"column":16},"end":{"line":115,"column":null}},"46":{"start":{"line":116,"column":4},"end":{"line":131,"column":null}},"47":{"start":{"line":117,"column":26},"end":{"line":117,"column":null}},"48":{"start":{"line":118,"column":6},"end":{"line":124,"column":null}},"49":{"start":{"line":119,"column":8},"end":{"line":119,"column":null}},"50":{"start":{"line":120,"column":13},"end":{"line":124,"column":null}},"51":{"start":{"line":121,"column":8},"end":{"line":121,"column":null}},"52":{"start":{"line":123,"column":8},"end":{"line":123,"column":null}},"53":{"start":{"line":126,"column":6},"end":{"line":130,"column":null}},"54":{"start":{"line":127,"column":8},"end":{"line":127,"column":null}},"55":{"start":{"line":129,"column":8},"end":{"line":129,"column":null}}},"fnMap":{"0":{"name":"interpretSpreadStream","decl":{"start":{"line":17,"column":22},"end":{"line":17,"column":null}},"loc":{"start":{"line":21,"column":19},"end":{"line":132,"column":null}},"line":21},"1":{"name":"(anonymous_1)","decl":{"start":{"line":49,"column":29},"end":{"line":49,"column":34}},"loc":{"start":{"line":49,"column":50},"end":{"line":57,"column":5}},"line":49}},"branchMap":{"0":{"loc":{"start":{"line":25,"column":4},"end":{"line":34,"column":null}},"type":"if","locations":[{"start":{"line":25,"column":4},"end":{"line":34,"column":null}},{"start":{},"end":{}}],"line":25},"1":{"loc":{"start":{"line":25,"column":8},"end":{"line":25,"column":45}},"type":"binary-expr","locations":[{"start":{"line":25,"column":8},"end":{"line":25,"column":36}},{"start":{"line":25,"column":36},"end":{"line":25,"column":45}}],"line":25},"2":{"loc":{"start":{"line":28,"column":8},"end":{"line":30,"column":null}},"type":"if","locations":[{"start":{"line":28,"column":8},"end":{"line":30,"column":null}},{"start":{},"end":{}}],"line":28},"3":{"loc":{"start":{"line":28,"column":12},"end":{"line":28,"column":47}},"type":"binary-expr","locations":[{"start":{"line":28,"column":12},"end":{"line":28,"column":27}},{"start":{"line":28,"column":27},"end":{"line":28,"column":47}}],"line":28},"4":{"loc":{"start":{"line":36,"column":4},"end":{"line":39,"column":null}},"type":"if","locations":[{"start":{"line":36,"column":4},"end":{"line":39,"column":null}},{"start":{},"end":{}}],"line":36},"5":{"loc":{"start":{"line":41,"column":4},"end":{"line":41,"column":null}},"type":"if","locations":[{"start":{"line":41,"column":4},"end":{"line":41,"column":null}},{"start":{},"end":{}}],"line":41},"6":{"loc":{"start":{"line":44,"column":26},"end":{"line":46,"column":null}},"type":"cond-expr","locations":[{"start":{"line":45,"column":8},"end":{"line":45,"column":null}},{"start":{"line":46,"column":8},"end":{"line":46,"column":null}}],"line":44},"7":{"loc":{"start":{"line":45,"column":9},"end":{"line":45,"column":59}},"type":"binary-expr","locations":[{"start":{"line":45,"column":9},"end":{"line":45,"column":43}},{"start":{"line":45,"column":43},"end":{"line":45,"column":59}}],"line":45},"8":{"loc":{"start":{"line":50,"column":23},"end":{"line":50,"column":null}},"type":"cond-expr","locations":[{"start":{"line":50,"column":41},"end":{"line":50,"column":61}},{"start":{"line":50,"column":61},"end":{"line":50,"column":null}}],"line":50},"9":{"loc":{"start":{"line":51,"column":22},"end":{"line":51,"column":null}},"type":"cond-expr","locations":[{"start":{"line":51,"column":40},"end":{"line":51,"column":68}},{"start":{"line":51,"column":68},"end":{"line":51,"column":null}}],"line":51},"10":{"loc":{"start":{"line":69,"column":3},"end":{"line":69,"column":49}},"type":"binary-expr","locations":[{"start":{"line":69,"column":3},"end":{"line":69,"column":19}},{"start":{"line":69,"column":19},"end":{"line":69,"column":49}}],"line":69},"11":{"loc":{"start":{"line":85,"column":24},"end":{"line":85,"column":null}},"type":"binary-expr","locations":[{"start":{"line":85,"column":24},"end":{"line":85,"column":66}},{"start":{"line":85,"column":66},"end":{"line":85,"column":null}}],"line":85},"12":{"loc":{"start":{"line":89,"column":12},"end":{"line":91,"column":null}},"type":"if","locations":[{"start":{"line":89,"column":12},"end":{"line":91,"column":null}},{"start":{},"end":{}}],"line":89},"13":{"loc":{"start":{"line":92,"column":12},"end":{"line":94,"column":null}},"type":"if","locations":[{"start":{"line":92,"column":12},"end":{"line":94,"column":null}},{"start":{},"end":{}}],"line":92},"14":{"loc":{"start":{"line":96,"column":10},"end":{"line":98,"column":null}},"type":"if","locations":[{"start":{"line":96,"column":10},"end":{"line":98,"column":null}},{"start":{},"end":{}}],"line":96},"15":{"loc":{"start":{"line":104,"column":67},"end":{"line":104,"column":86}},"type":"binary-expr","locations":[{"start":{"line":104,"column":67},"end":{"line":104,"column":83}},{"start":{"line":104,"column":83},"end":{"line":104,"column":86}}],"line":104},"16":{"loc":{"start":{"line":107,"column":8},"end":{"line":109,"column":null}},"type":"if","locations":[{"start":{"line":107,"column":8},"end":{"line":109,"column":null}},{"start":{},"end":{}}],"line":107},"17":{"loc":{"start":{"line":115,"column":16},"end":{"line":115,"column":null}},"type":"binary-expr","locations":[{"start":{"line":115,"column":16},"end":{"line":115,"column":38}},{"start":{"line":115,"column":38},"end":{"line":115,"column":null}}],"line":115},"18":{"loc":{"start":{"line":116,"column":4},"end":{"line":131,"column":null}},"type":"if","locations":[{"start":{"line":116,"column":4},"end":{"line":131,"column":null}},{"start":{"line":125,"column":11},"end":{"line":131,"column":null}}],"line":116},"19":{"loc":{"start":{"line":118,"column":6},"end":{"line":124,"column":null}},"type":"if","locations":[{"start":{"line":118,"column":6},"end":{"line":124,"column":null}},{"start":{"line":120,"column":13},"end":{"line":124,"column":null}}],"line":118},"20":{"loc":{"start":{"line":118,"column":10},"end":{"line":118,"column":103}},"type":"binary-expr","locations":[{"start":{"line":118,"column":10},"end":{"line":118,"column":33}},{"start":{"line":118,"column":33},"end":{"line":118,"column":67}},{"start":{"line":118,"column":67},"end":{"line":118,"column":103}}],"line":118},"21":{"loc":{"start":{"line":120,"column":13},"end":{"line":124,"column":null}},"type":"if","locations":[{"start":{"line":120,"column":13},"end":{"line":124,"column":null}},{"start":{"line":122,"column":13},"end":{"line":124,"column":null}}],"line":120},"22":{"loc":{"start":{"line":120,"column":17},"end":{"line":120,"column":67}},"type":"binary-expr","locations":[{"start":{"line":120,"column":17},"end":{"line":120,"column":40}},{"start":{"line":120,"column":40},"end":{"line":120,"column":67}}],"line":120},"23":{"loc":{"start":{"line":126,"column":6},"end":{"line":130,"column":null}},"type":"if","locations":[{"start":{"line":126,"column":6},"end":{"line":130,"column":null}},{"start":{"line":128,"column":13},"end":{"line":130,"column":null}}],"line":126},"24":{"loc":{"start":{"line":126,"column":10},"end":{"line":126,"column":103}},"type":"binary-expr","locations":[{"start":{"line":126,"column":10},"end":{"line":126,"column":33}},{"start":{"line":126,"column":33},"end":{"line":126,"column":67}},{"start":{"line":126,"column":67},"end":{"line":126,"column":103}}],"line":126}},"s":{"0":7,"1":7,"2":7,"3":4,"4":4,"5":4,"6":3,"7":0,"8":7,"9":1,"10":1,"11":6,"12":1,"13":6,"14":6,"15":7,"16":0,"17":0,"18":0,"19":7,"20":7,"21":7,"22":7,"23":7,"24":9,"25":9,"26":9,"27":9,"28":3,"29":3,"30":3,"31":3,"32":3,"33":1,"34":2,"35":2,"36":3,"37":2,"38":3,"39":3,"40":6,"41":6,"42":6,"43":3,"44":3,"45":3,"46":7,"47":2,"48":2,"49":1,"50":1,"51":1,"52":0,"53":1,"54":1,"55":0},"f":{"0":1,"1":0},"b":{"0":[4,3],"1":[7,3],"2":[3,1],"3":[4,3],"4":[1,6],"5":[1,5],"6":[3,3],"7":[3,0],"8":[0,0],"9":[0,0],"10":[7,0],"11":[3,0],"12":[1,2],"13":[2,0],"14":[2,1],"15":[6,0],"16":[3,3],"17":[3,0],"18":[2,1],"19":[1,1],"20":[2,1,1],"21":[1,0],"22":[1,0],"23":[1,0],"24":[1,1,1]},"meta":{"lastBranch":25,"lastFunction":2,"lastStatement":56,"seen":{"f:17:22:17:Infinity":0,"s:22:17:22:Infinity":0,"s:23:23:23:Infinity":1,"b:25:4:34:Infinity:undefined:undefined:undefined:undefined":0,"s:25:4:34:Infinity":2,"b:25:8:25:36:25:36:25:45":1,"s:26:6:33:Infinity":3,"s:27:28:27:Infinity":4,"b:28:8:30:Infinity:undefined:undefined:undefined:undefined":2,"s:28:8:30:Infinity":5,"b:28:12:28:27:28:27:28:47":3,"s:29:10:29:Infinity":6,"s:32:8:32:Infinity":7,"b:36:4:39:Infinity:undefined:undefined:undefined:undefined":4,"s:36:4:39:Infinity":8,"s:37:6:37:Infinity":9,"s:38:6:38:Infinity":10,"b:41:4:41:Infinity:undefined:undefined:undefined:undefined":5,"s:41:4:41:Infinity":11,"s:41:27:41:Infinity":12,"s:43:18:43:Infinity":13,"s:44:26:46:Infinity":14,"b:45:8:45:Infinity:46:8:46:Infinity":6,"b:45:9:45:43:45:43:45:59":7,"s:49:23:57:Infinity":15,"f:49:29:49:34":1,"s:50:23:50:Infinity":16,"b:50:41:50:61:50:61:50:Infinity":8,"s:51:22:51:Infinity":17,"b:51:40:51:68:51:68:51:Infinity":9,"s:52:6:56:Infinity":18,"s:59:25:59:Infinity":19,"s:66:19:72:Infinity":20,"b:69:3:69:19:69:19:69:49":10,"s:76:25:76:Infinity":21,"s:78:4:111:Infinity":22,"s:78:17:78:20":23,"s:79:24:79:Infinity":24,"s:80:6:110:Infinity":25,"s:81:22:81:Infinity":26,"s:82:23:82:Infinity":27,"s:84:8:99:Infinity":28,"s:85:24:85:Infinity":29,"b:85:24:85:66:85:66:85:Infinity":11,"s:86:26:86:Infinity":30,"s:87:10:95:Infinity":31,"b:89:12:91:Infinity:undefined:undefined:undefined:undefined":12,"s:89:12:91:Infinity":32,"s:90:14:90:Infinity":33,"b:92:12:94:Infinity:undefined:undefined:undefined:undefined":13,"s:92:12:94:Infinity":34,"s:93:14:93:Infinity":35,"b:96:10:98:Infinity:undefined:undefined:undefined:undefined":14,"s:96:10:98:Infinity":36,"s:97:12:97:Infinity":37,"s:101:8:101:Infinity":38,"s:102:8:102:Infinity":39,"s:104:8:104:Infinity":40,"b:104:67:104:83:104:83:104:86":15,"s:105:8:105:Infinity":41,"b:107:8:109:Infinity:undefined:undefined:undefined:undefined":16,"s:107:8:109:Infinity":42,"s:108:10:108:Infinity":43,"s:114:4:114:Infinity":44,"s:115:16:115:Infinity":45,"b:115:16:115:38:115:38:115:Infinity":17,"b:116:4:131:Infinity:125:11:131:Infinity":18,"s:116:4:131:Infinity":46,"s:117:26:117:Infinity":47,"b:118:6:124:Infinity:120:13:124:Infinity":19,"s:118:6:124:Infinity":48,"b:118:10:118:33:118:33:118:67:118:67:118:103":20,"s:119:8:119:Infinity":49,"b:120:13:124:Infinity:122:13:124:Infinity":21,"s:120:13:124:Infinity":50,"b:120:17:120:40:120:40:120:67":22,"s:121:8:121:Infinity":51,"s:123:8:123:Infinity":52,"b:126:6:130:Infinity:128:13:130:Infinity":23,"s:126:6:130:Infinity":53,"b:126:10:126:33:126:33:126:67:126:67:126:103":24,"s:127:8:127:Infinity":54,"s:129:8:129:Infinity":55},"fnNames":{}}}
}
